app/build/intermediates/manifest_merge_blame_file/debug/manifest-merger-blame-debug-report.txt
1<?xml version="1.0" encoding="utf-8"?>
2<manifest xmlns:android="http://schemas.android.com/apk/res/android"
3    xmlns:dist="http://schemas.android.com/apk/distribution"
4    package="il.co.buyhome"
5    android:targetSandboxVersion="2"
6    android:versionCode="3"
7    android:versionName="1.0" >
8
9    <uses-sdk
10        android:minSdkVersion="21"
10-->src/main/AndroidManifest.xml
11        android:targetSdkVersion="31" />
11-->src/main/AndroidManifest.xml
12
13    <dist:module dist:instant="true" />
13-->src/main/AndroidManifest.xml:7:5-40
13-->src/main/AndroidManifest.xml:7:18-37
14
15    <uses-permission android:name="android.permission.INTERNET" />
15-->src/main/AndroidManifest.xml:8:5-67
15-->src/main/AndroidManifest.xml:8:22-64
16    <uses-permission android:name="android.permission.ACCESS_NETWORK_STATE" />
16-->[com.google.firebase:firebase-messaging:22.0.0] AndroidManifest.xml:22:5-79
16-->[com.google.firebase:firebase-messaging:22.0.0] AndroidManifest.xml:22:22-76
17    <uses-permission android:name="android.permission.WAKE_LOCK" /> <!-- Required by older versions of Google Play services to create IID tokens -->
17-->[com.google.firebase:firebase-messaging:22.0.0] AndroidManifest.xml:23:5-68
17-->[com.google.firebase:firebase-messaging:22.0.0] AndroidManifest.xml:23:22-65
18    <uses-permission android:name="com.google.android.c2dm.permission.RECEIVE" />
18-->[com.google.firebase:firebase-messaging:22.0.0] AndroidManifest.xml:25:5-82
18-->[com.google.firebase:firebase-messaging:22.0.0] AndroidManifest.xml:25:22-79
19    <uses-permission android:name="com.google.android.finsky.permission.BIND_GET_INSTALL_REFERRER_SERVICE" /> <!-- Vibration in push notification -->
19-->[com.google.android.gms:play-services-measurement:19.0.0] AndroidManifest.xml:26:5-110
19-->[com.google.android.gms:play-services-measurement:19.0.0] AndroidManifest.xml:26:22-107
20    <uses-permission android:name="android.permission.VIBRATE" />
20-->[com.pushwoosh:pushwoosh:6.3.0] AndroidManifest.xml:19:5-66
20-->[com.pushwoosh:pushwoosh:6.3.0] AndroidManifest.xml:19:22-63
21    <uses-permission android:name="android.permission.RECEIVE_BOOT_COMPLETED" />
21-->[com.pushwoosh:pushwoosh:6.3.0] AndroidManifest.xml:20:5-81
21-->[com.pushwoosh:pushwoosh:6.3.0] AndroidManifest.xml:20:22-78
22
23    <queries>
23-->[com.pushwoosh:pushwoosh:6.3.0] AndroidManifest.xml:22:5-37:15
24        <intent>
24-->[com.pushwoosh:pushwoosh:6.3.0] AndroidManifest.xml:23:9-29:18
25            <action android:name="android.intent.action.VIEW" />
25-->src/main/AndroidManifest.xml:36:13-65
25-->src/main/AndroidManifest.xml:36:21-62
26
27            <category android:name="android.intent.category.BROWSABLE" />
27-->src/main/AndroidManifest.xml:38:13-74
27-->src/main/AndroidManifest.xml:38:23-71
28
29            <data android:scheme="https" />
29-->src/main/AndroidManifest.xml:39:13-73
29-->src/main/AndroidManifest.xml:39:19-40
30        </intent>
31        <intent>
31-->[com.pushwoosh:pushwoosh:6.3.0] AndroidManifest.xml:30:9-36:18
32            <action android:name="android.intent.action.VIEW" />
32-->src/main/AndroidManifest.xml:36:13-65
32-->src/main/AndroidManifest.xml:36:21-62
33
34            <category android:name="android.intent.category.BROWSABLE" />
34-->src/main/AndroidManifest.xml:38:13-74
34-->src/main/AndroidManifest.xml:38:23-71
35
36            <data android:scheme="http" />
36-->src/main/AndroidManifest.xml:39:13-73
36-->src/main/AndroidManifest.xml:39:19-40
37        </intent>
38    </queries>
39
40    <uses-permission android:name="android.permission.FOREGROUND_SERVICE" />
40-->[androidx.work:work-runtime:2.7.0-alpha05] AndroidManifest.xml:28:5-77
40-->[androidx.work:work-runtime:2.7.0-alpha05] AndroidManifest.xml:28:22-74
41
42    <application
42-->src/main/AndroidManifest.xml:10:5-54:19
43        android:name="il.co.buyhome.App"
43-->src/main/AndroidManifest.xml:11:9-28
44        android:allowBackup="false"
44-->src/main/AndroidManifest.xml:12:9-36
45        android:appComponentFactory="androidx.core.app.CoreComponentFactory"
45-->[androidx.core:core:1.5.0] AndroidManifest.xml:24:18-86
46        android:debuggable="true"
47        android:icon="@drawable/app_icon"
47-->src/main/AndroidManifest.xml:13:9-42
48        android:label="@string/app_name"
48-->src/main/AndroidManifest.xml:15:9-41
49        android:roundIcon="@drawable/app_icon_round"
49-->src/main/AndroidManifest.xml:14:9-53
50        android:testOnly="true"
51        android:theme="@android:style/Theme.Light.NoTitleBar" >
51-->src/main/AndroidManifest.xml:16:9-62
52        <activity
52-->src/main/AndroidManifest.xml:17:9-21:47
53            android:name="il.co.buyhome.MainActivity"
53-->src/main/AndroidManifest.xml:18:13-54
54            android:label="@string/app_name"
54-->src/main/AndroidManifest.xml:19:13-45
55            android:screenOrientation="portrait"
55-->src/main/AndroidManifest.xml:20:13-49
56            android:theme="@style/AppTheme" />
56-->src/main/AndroidManifest.xml:21:13-44
57        <activity
57-->src/main/AndroidManifest.xml:22:9-42:20
58            android:name="il.co.buyhome.SplashScreen"
58-->src/main/AndroidManifest.xml:23:13-54
59            android:exported="true"
59-->src/main/AndroidManifest.xml:27:13-36
60            android:label="@string/app_name"
60-->src/main/AndroidManifest.xml:24:13-45
61            android:screenOrientation="portrait"
61-->src/main/AndroidManifest.xml:25:13-49
62            android:theme="@style/SplashTheme" >
62-->src/main/AndroidManifest.xml:26:13-47
63            <intent-filter>
63-->src/main/AndroidManifest.xml:28:13-31:29
64                <action android:name="android.intent.action.MAIN" />
64-->src/main/AndroidManifest.xml:29:17-69
64-->src/main/AndroidManifest.xml:29:25-66
65
66                <category android:name="android.intent.category.LAUNCHER" />
66-->src/main/AndroidManifest.xml:30:17-77
66-->src/main/AndroidManifest.xml:30:27-74
67            </intent-filter>
68            <intent-filter android:autoVerify="true" >
68-->src/main/AndroidManifest.xml:33:13-41:29
68-->src/main/AndroidManifest.xml:34:17-42
69                <action android:name="android.intent.action.VIEW" />
69-->src/main/AndroidManifest.xml:36:13-65
69-->src/main/AndroidManifest.xml:36:21-62
70
71                <category android:name="android.intent.category.DEFAULT" />
71-->src/main/AndroidManifest.xml:37:13-72
71-->src/main/AndroidManifest.xml:37:23-69
72                <category android:name="android.intent.category.BROWSABLE" />
72-->src/main/AndroidManifest.xml:38:13-74
72-->src/main/AndroidManifest.xml:38:23-71
73
74                <data
74-->src/main/AndroidManifest.xml:39:13-73
75                    android:host="buy-home.co.il"
75-->src/main/AndroidManifest.xml:39:41-70
76                    android:scheme="http" />
76-->src/main/AndroidManifest.xml:39:19-40
77                <data android:scheme="https" />
77-->src/main/AndroidManifest.xml:39:13-73
77-->src/main/AndroidManifest.xml:39:19-40
78            </intent-filter>
79        </activity>
80
81        <meta-data
81-->src/main/AndroidManifest.xml:44:9-85
82            android:name="com.pushwoosh.appid"
82-->src/main/AndroidManifest.xml:44:20-54
83            android:value="27259-883DB" />
83-->src/main/AndroidManifest.xml:44:55-82
84        <meta-data
84-->src/main/AndroidManifest.xml:45:9-98
85            android:name="com.pushwoosh.senderid"
85-->src/main/AndroidManifest.xml:45:20-57
86            android:value="@string/fcm_sender_id" />
86-->src/main/AndroidManifest.xml:45:58-95
87
88        <!--
89        <service
90            android:name=".NotificationsHandler"
91            android:exported="false">
92            <intent-filter>
93                <action android:name="com.google.firebase.MESSAGING_EVENT" />
94            </intent-filter>
95        </service>
96        -->
97        <receiver
97-->[com.google.firebase:firebase-messaging:22.0.0] AndroidManifest.xml:28:9-35:20
98            android:name="com.google.firebase.iid.FirebaseInstanceIdReceiver"
98-->[com.google.firebase:firebase-messaging:22.0.0] AndroidManifest.xml:29:13-78
99            android:exported="true"
99-->[com.google.firebase:firebase-messaging:22.0.0] AndroidManifest.xml:30:13-36
100            android:permission="com.google.android.c2dm.permission.SEND" >
100-->[com.google.firebase:firebase-messaging:22.0.0] AndroidManifest.xml:31:13-73
101            <intent-filter>
101-->[com.google.firebase:firebase-messaging:22.0.0] AndroidManifest.xml:32:13-34:29
102                <action android:name="com.google.android.c2dm.intent.RECEIVE" />
102-->[com.google.firebase:firebase-messaging:22.0.0] AndroidManifest.xml:33:17-81
102-->[com.google.firebase:firebase-messaging:22.0.0] AndroidManifest.xml:33:25-78
103            </intent-filter>
104        </receiver>
105        <!--
106             FirebaseMessagingService performs security checks at runtime,
107             but set to not exported to explicitly avoid allowing another app to call it.
108        -->
109        <service
109-->[com.google.firebase:firebase-messaging:22.0.0] AndroidManifest.xml:41:9-48:19
110            android:name="com.google.firebase.messaging.FirebaseMessagingService"
110-->[com.google.firebase:firebase-messaging:22.0.0] AndroidManifest.xml:42:13-82
111            android:directBootAware="true"
111-->[com.google.firebase:firebase-messaging:22.0.0] AndroidManifest.xml:43:13-43
112            android:exported="false" >
112-->[com.google.firebase:firebase-messaging:22.0.0] AndroidManifest.xml:44:13-37
113            <intent-filter android:priority="-500" >
113-->[com.google.firebase:firebase-messaging:22.0.0] AndroidManifest.xml:45:13-47:29
113-->[com.google.firebase:firebase-messaging:22.0.0] AndroidManifest.xml:45:28-51
114                <action android:name="com.google.firebase.MESSAGING_EVENT" />
114-->[com.google.firebase:firebase-messaging:22.0.0] AndroidManifest.xml:46:17-78
114-->[com.google.firebase:firebase-messaging:22.0.0] AndroidManifest.xml:46:25-75
115            </intent-filter>
116        </service>
117        <service
117-->[com.google.firebase:firebase-messaging:22.0.0] AndroidManifest.xml:49:9-55:19
118            android:name="com.google.firebase.components.ComponentDiscoveryService"
118-->[com.google.firebase:firebase-messaging:22.0.0] AndroidManifest.xml:50:13-84
119            android:directBootAware="true"
119-->[com.google.firebase:firebase-common:20.0.0] AndroidManifest.xml:35:13-43
120            android:exported="false" >
120-->[com.google.firebase:firebase-messaging:22.0.0] AndroidManifest.xml:51:13-37
121            <meta-data
121-->[com.google.firebase:firebase-messaging:22.0.0] AndroidManifest.xml:52:13-54:85
122                android:name="com.google.firebase.components:com.google.firebase.messaging.FirebaseMessagingRegistrar"
122-->[com.google.firebase:firebase-messaging:22.0.0] AndroidManifest.xml:53:17-119
123                android:value="com.google.firebase.components.ComponentRegistrar" />
123-->[com.google.firebase:firebase-messaging:22.0.0] AndroidManifest.xml:54:17-82
124            <meta-data
124-->[com.google.firebase:firebase-crashlytics:18.2.0] AndroidManifest.xml:18:13-20:85
125                android:name="com.google.firebase.components:com.google.firebase.crashlytics.CrashlyticsRegistrar"
125-->[com.google.firebase:firebase-crashlytics:18.2.0] AndroidManifest.xml:19:17-115
126                android:value="com.google.firebase.components.ComponentRegistrar" />
126-->[com.google.firebase:firebase-crashlytics:18.2.0] AndroidManifest.xml:20:17-82
127            <meta-data
127-->[com.google.android.gms:play-services-measurement-api:19.0.0] AndroidManifest.xml:30:13-32:85
128                android:name="com.google.firebase.components:com.google.firebase.analytics.connector.internal.AnalyticsConnectorRegistrar"
128-->[com.google.android.gms:play-services-measurement-api:19.0.0] AndroidManifest.xml:31:17-139
129                android:value="com.google.firebase.components.ComponentRegistrar" />
129-->[com.google.android.gms:play-services-measurement-api:19.0.0] AndroidManifest.xml:32:17-82
130            <meta-data
130-->[com.google.firebase:firebase-datatransport:18.0.0] AndroidManifest.xml:28:13-30:85
131                android:name="com.google.firebase.components:com.google.firebase.datatransport.TransportRegistrar"
131-->[com.google.firebase:firebase-datatransport:18.0.0] AndroidManifest.xml:29:17-115
132                android:value="com.google.firebase.components.ComponentRegistrar" />
132-->[com.google.firebase:firebase-datatransport:18.0.0] AndroidManifest.xml:30:17-82
133            <meta-data
133-->[com.google.firebase:firebase-installations:17.0.0] AndroidManifest.xml:18:13-20:85
134                android:name="com.google.firebase.components:com.google.firebase.installations.FirebaseInstallationsRegistrar"
134-->[com.google.firebase:firebase-installations:17.0.0] AndroidManifest.xml:19:17-127
135                android:value="com.google.firebase.components.ComponentRegistrar" />
135-->[com.google.firebase:firebase-installations:17.0.0] AndroidManifest.xml:20:17-82
136        </service>
137
138        <receiver
138-->[com.google.android.gms:play-services-measurement:19.0.0] AndroidManifest.xml:29:9-33:20
139            android:name="com.google.android.gms.measurement.AppMeasurementReceiver"
139-->[com.google.android.gms:play-services-measurement:19.0.0] AndroidManifest.xml:30:13-85
140            android:enabled="true"
140-->[com.google.android.gms:play-services-measurement:19.0.0] AndroidManifest.xml:31:13-35
141            android:exported="false" >
141-->[com.google.android.gms:play-services-measurement:19.0.0] AndroidManifest.xml:32:13-37
142        </receiver>
143
144        <service
144-->[com.google.android.gms:play-services-measurement:19.0.0] AndroidManifest.xml:35:9-38:40
145            android:name="com.google.android.gms.measurement.AppMeasurementService"
145-->[com.google.android.gms:play-services-measurement:19.0.0] AndroidManifest.xml:36:13-84
146            android:enabled="true"
146-->[com.google.android.gms:play-services-measurement:19.0.0] AndroidManifest.xml:37:13-35
147            android:exported="false" />
147-->[com.google.android.gms:play-services-measurement:19.0.0] AndroidManifest.xml:38:13-37
148        <service
148-->[com.google.android.gms:play-services-measurement:19.0.0] AndroidManifest.xml:39:9-43:72
149            android:name="com.google.android.gms.measurement.AppMeasurementJobService"
149-->[com.google.android.gms:play-services-measurement:19.0.0] AndroidManifest.xml:40:13-87
150            android:enabled="true"
150-->[com.google.android.gms:play-services-measurement:19.0.0] AndroidManifest.xml:41:13-35
151            android:exported="false"
151-->[com.google.android.gms:play-services-measurement:19.0.0] AndroidManifest.xml:42:13-37
152            android:permission="android.permission.BIND_JOB_SERVICE" />
152-->[com.google.android.gms:play-services-measurement:19.0.0] AndroidManifest.xml:43:13-69
153
154        <provider
154-->[com.google.firebase:firebase-common:20.0.0] AndroidManifest.xml:26:9-31:39
155            android:name="com.google.firebase.provider.FirebaseInitProvider"
155-->[com.google.firebase:firebase-common:20.0.0] AndroidManifest.xml:27:13-77
156            android:authorities="il.co.buyhome.firebaseinitprovider"
156-->[com.google.firebase:firebase-common:20.0.0] AndroidManifest.xml:28:13-72
157            android:directBootAware="true"
157-->[com.google.firebase:firebase-common:20.0.0] AndroidManifest.xml:29:13-43
158            android:exported="false"
158-->[com.google.firebase:firebase-common:20.0.0] AndroidManifest.xml:30:13-37
159            android:initOrder="100" />
159-->[com.google.firebase:firebase-common:20.0.0] AndroidManifest.xml:31:13-36
160
161        <activity
161-->[com.google.android.gms:play-services-base:17.5.0] AndroidManifest.xml:23:9-26:75
162            android:name="com.google.android.gms.common.api.GoogleApiActivity"
162-->[com.google.android.gms:play-services-base:17.5.0] AndroidManifest.xml:24:13-79
163            android:exported="false"
163-->[com.google.android.gms:play-services-base:17.5.0] AndroidManifest.xml:25:13-37
164            android:theme="@android:style/Theme.Translucent.NoTitleBar" />
164-->[com.google.android.gms:play-services-base:17.5.0] AndroidManifest.xml:26:13-72
165
166        <meta-data
166-->[com.google.android.gms:play-services-basement:17.5.0] AndroidManifest.xml:23:9-25:69
167            android:name="com.google.android.gms.version"
167-->[com.google.android.gms:play-services-basement:17.5.0] AndroidManifest.xml:24:13-58
168            android:value="@integer/google_play_services_version" />
168-->[com.google.android.gms:play-services-basement:17.5.0] AndroidManifest.xml:25:13-66
169
170        <provider
170-->[com.pushwoosh:pushwoosh-firebase:6.3.0] AndroidManifest.xml:11:9-16:38
171            android:name="com.pushwoosh.firebase.FirebaseInitProvider"
171-->[com.pushwoosh:pushwoosh-firebase:6.3.0] AndroidManifest.xml:12:13-71
172            android:authorities="il.co.buyhome.firebasepushwooshinitprovider"
172-->[com.pushwoosh:pushwoosh-firebase:6.3.0] AndroidManifest.xml:13:13-81
173            android:enabled="true"
173-->[com.pushwoosh:pushwoosh-firebase:6.3.0] AndroidManifest.xml:14:13-35
174            android:exported="false"
174-->[com.pushwoosh:pushwoosh-firebase:6.3.0] AndroidManifest.xml:15:13-37
175            android:initOrder="54" />
175-->[com.pushwoosh:pushwoosh-firebase:6.3.0] AndroidManifest.xml:16:13-35
176
177        <service
177-->[com.pushwoosh:pushwoosh-firebase:6.3.0] AndroidManifest.xml:18:9-24:19
178            android:name="com.pushwoosh.firebase.PushFcmIntentService"
178-->[com.pushwoosh:pushwoosh-firebase:6.3.0] AndroidManifest.xml:19:13-71
179            android:exported="false" >
179-->[com.pushwoosh:pushwoosh-firebase:6.3.0] AndroidManifest.xml:20:13-37
180            <intent-filter>
180-->[com.google.firebase:firebase-messaging:22.0.0] AndroidManifest.xml:45:13-47:29
181                <action android:name="com.google.firebase.MESSAGING_EVENT" />
181-->[com.google.firebase:firebase-messaging:22.0.0] AndroidManifest.xml:46:17-78
181-->[com.google.firebase:firebase-messaging:22.0.0] AndroidManifest.xml:46:25-75
182            </intent-filter>
183        </service>
184
185        <activity
185-->[com.pushwoosh:pushwoosh:6.3.0] AndroidManifest.xml:40:9-42:75
186            android:name="com.pushwoosh.inapp.view.RichMediaWebActivity"
186-->[com.pushwoosh:pushwoosh:6.3.0] AndroidManifest.xml:41:13-73
187            android:theme="@android:style/Theme.Translucent.NoTitleBar" />
187-->[com.pushwoosh:pushwoosh:6.3.0] AndroidManifest.xml:42:13-72
188        <activity
188-->[com.pushwoosh:pushwoosh:6.3.0] AndroidManifest.xml:43:9-45:75
189            android:name="com.pushwoosh.inapp.view.RemoteUrlActivity"
189-->[com.pushwoosh:pushwoosh:6.3.0] AndroidManifest.xml:44:13-70
190            android:theme="@android:style/Theme.Translucent.NoTitleBar" />
190-->[com.pushwoosh:pushwoosh:6.3.0] AndroidManifest.xml:45:13-72
191        <activity
191-->[com.pushwoosh:pushwoosh:6.3.0] AndroidManifest.xml:46:9-50:75
192            android:name="com.pushwoosh.notification.NotificationOpenActivity"
192-->[com.pushwoosh:pushwoosh:6.3.0] AndroidManifest.xml:47:13-79
193            android:exported="false"
193-->[com.pushwoosh:pushwoosh:6.3.0] AndroidManifest.xml:48:13-37
194            android:noHistory="true"
194-->[com.pushwoosh:pushwoosh:6.3.0] AndroidManifest.xml:49:13-37
195            android:theme="@android:style/Theme.Translucent.NoTitleBar" />
195-->[com.pushwoosh:pushwoosh:6.3.0] AndroidManifest.xml:50:13-72
196
197        <receiver
197-->[com.pushwoosh:pushwoosh:6.3.0] AndroidManifest.xml:52:9-62:20
198            android:name="com.pushwoosh.BootReceiver"
198-->[com.pushwoosh:pushwoosh:6.3.0] AndroidManifest.xml:53:13-54
199            android:enabled="true"
199-->[com.pushwoosh:pushwoosh:6.3.0] AndroidManifest.xml:54:13-35
200            android:exported="true"
200-->[com.pushwoosh:pushwoosh:6.3.0] AndroidManifest.xml:55:13-36
201            android:permission="android.permission.RECEIVE_BOOT_COMPLETED" >
201-->[com.pushwoosh:pushwoosh:6.3.0] AndroidManifest.xml:56:13-75
202            <intent-filter>
202-->[com.pushwoosh:pushwoosh:6.3.0] AndroidManifest.xml:57:13-61:29
203                <action android:name="android.intent.action.BOOT_COMPLETED" />
203-->[com.pushwoosh:pushwoosh:6.3.0] AndroidManifest.xml:58:17-79
203-->[com.pushwoosh:pushwoosh:6.3.0] AndroidManifest.xml:58:25-76
204
205                <category android:name="android.intent.category.DEFAULT" />
205-->src/main/AndroidManifest.xml:37:13-72
205-->src/main/AndroidManifest.xml:37:23-69
206            </intent-filter>
207        </receiver>
208
209        <activity
209-->[com.pushwoosh:pushwoosh:6.3.0] AndroidManifest.xml:64:9-66:75
210            android:name="com.pushwoosh.internal.utils.PermissionActivity"
210-->[com.pushwoosh:pushwoosh:6.3.0] AndroidManifest.xml:65:13-75
211            android:theme="@android:style/Theme.Translucent.NoTitleBar" />
211-->[com.pushwoosh:pushwoosh:6.3.0] AndroidManifest.xml:66:13-72
212
213        <receiver android:name="com.pushwoosh.notification.LocalNotificationReceiver" /> <!-- uses applicationId -->
213-->[com.pushwoosh:pushwoosh:6.3.0] AndroidManifest.xml:68:9-89
213-->[com.pushwoosh:pushwoosh:6.3.0] AndroidManifest.xml:68:19-86
214        <provider
214-->[com.pushwoosh:pushwoosh:6.3.0] AndroidManifest.xml:71:9-76:38
215            android:name="com.pushwoosh.PushwooshInitProvider"
215-->[com.pushwoosh:pushwoosh:6.3.0] AndroidManifest.xml:72:13-63
216            android:authorities="il.co.buyhome.pushwooshinitprovider"
216-->[com.pushwoosh:pushwoosh:6.3.0] AndroidManifest.xml:73:13-73
217            android:enabled="true"
217-->[com.pushwoosh:pushwoosh:6.3.0] AndroidManifest.xml:74:13-35
218            android:exported="false"
218-->[com.pushwoosh:pushwoosh:6.3.0] AndroidManifest.xml:75:13-37
219            android:initOrder="50" /> <!-- uses applicationId end -->
219-->[com.pushwoosh:pushwoosh:6.3.0] AndroidManifest.xml:76:13-35
220        <provider
220-->[com.pushwoosh:pushwoosh:6.3.0] AndroidManifest.xml:78:9-83:38
221            android:name="com.pushwoosh.PushwooshSharedDataProvider"
221-->[com.pushwoosh:pushwoosh:6.3.0] AndroidManifest.xml:79:13-69
222            android:authorities="il.co.buyhome.PushwooshSharedDataProvider"
222-->[com.pushwoosh:pushwoosh:6.3.0] AndroidManifest.xml:80:13-79
223            android:enabled="true"
223-->[com.pushwoosh:pushwoosh:6.3.0] AndroidManifest.xml:81:13-35
224            android:exported="true"
224-->[com.pushwoosh:pushwoosh:6.3.0] AndroidManifest.xml:82:13-36
225            android:initOrder="60" />
225-->[com.pushwoosh:pushwoosh:6.3.0] AndroidManifest.xml:83:13-35
226
227        <receiver
227-->[com.pushwoosh:pushwoosh:6.3.0] AndroidManifest.xml:85:9-88:40
228            android:name="com.pushwoosh.NotificationUpdateReceiver"
228-->[com.pushwoosh:pushwoosh:6.3.0] AndroidManifest.xml:86:13-68
229            android:enabled="true"
229-->[com.pushwoosh:pushwoosh:6.3.0] AndroidManifest.xml:87:13-35
230            android:exported="false" />
230-->[com.pushwoosh:pushwoosh:6.3.0] AndroidManifest.xml:88:13-37
231
232        <provider
232-->[com.pushwoosh:pushwoosh:6.3.0] AndroidManifest.xml:90:9-98:20
233            android:name="com.pushwoosh.internal.fileprovider.PWFileProvider"
233-->[com.pushwoosh:pushwoosh:6.3.0] AndroidManifest.xml:91:13-78
234            android:authorities="il.co.buyhome.provider"
234-->[com.pushwoosh:pushwoosh:6.3.0] AndroidManifest.xml:92:13-60
235            android:exported="false"
235-->[com.pushwoosh:pushwoosh:6.3.0] AndroidManifest.xml:93:13-37
236            android:grantUriPermissions="true" >
236-->[com.pushwoosh:pushwoosh:6.3.0] AndroidManifest.xml:94:13-47
237            <meta-data
237-->[com.pushwoosh:pushwoosh:6.3.0] AndroidManifest.xml:95:13-97:61
238                android:name="android.support.FILE_PROVIDER_PATHS"
238-->[com.pushwoosh:pushwoosh:6.3.0] AndroidManifest.xml:96:17-67
239                android:resource="@xml/pw_provider_paths" />
239-->[com.pushwoosh:pushwoosh:6.3.0] AndroidManifest.xml:97:17-58
240        </provider>
241
242        <service
242-->[com.google.android.datatransport:transport-backend-cct:3.0.0] AndroidManifest.xml:29:9-35:19
243            android:name="com.google.android.datatransport.runtime.backends.TransportBackendDiscovery"
243-->[com.google.android.datatransport:transport-backend-cct:3.0.0] AndroidManifest.xml:30:13-103
244            android:exported="false" >
244-->[com.google.android.datatransport:transport-backend-cct:3.0.0] AndroidManifest.xml:31:13-37
245            <meta-data
245-->[com.google.android.datatransport:transport-backend-cct:3.0.0] AndroidManifest.xml:32:13-34:39
246                android:name="backend:com.google.android.datatransport.cct.CctBackendFactory"
246-->[com.google.android.datatransport:transport-backend-cct:3.0.0] AndroidManifest.xml:33:17-94
247                android:value="cct" />
247-->[com.google.android.datatransport:transport-backend-cct:3.0.0] AndroidManifest.xml:34:17-36
248        </service>
249
250        <provider
250-->[androidx.work:work-runtime:2.7.0-alpha05] AndroidManifest.xml:31:9-39:20
251            android:name="androidx.startup.InitializationProvider"
251-->[androidx.work:work-runtime:2.7.0-alpha05] AndroidManifest.xml:32:13-67
252            android:authorities="il.co.buyhome.androidx-startup"
252-->[androidx.work:work-runtime:2.7.0-alpha05] AndroidManifest.xml:33:13-68
253            android:exported="false" >
253-->[androidx.work:work-runtime:2.7.0-alpha05] AndroidManifest.xml:34:13-37
254            <meta-data
254-->[androidx.work:work-runtime:2.7.0-alpha05] AndroidManifest.xml:36:13-38:52
255                android:name="androidx.work.WorkManagerInitializer"
255-->[androidx.work:work-runtime:2.7.0-alpha05] AndroidManifest.xml:37:17-68
256                android:value="androidx.startup" />
256-->[androidx.work:work-runtime:2.7.0-alpha05] AndroidManifest.xml:38:17-49
257        </provider>
258
259        <service
259-->[androidx.work:work-runtime:2.7.0-alpha05] AndroidManifest.xml:41:9-46:35
260            android:name="androidx.work.impl.background.systemalarm.SystemAlarmService"
260-->[androidx.work:work-runtime:2.7.0-alpha05] AndroidManifest.xml:42:13-88
261            android:directBootAware="false"
261-->[androidx.work:work-runtime:2.7.0-alpha05] AndroidManifest.xml:43:13-44
262            android:enabled="@bool/enable_system_alarm_service_default"
262-->[androidx.work:work-runtime:2.7.0-alpha05] AndroidManifest.xml:44:13-72
263            android:exported="false" />
263-->[androidx.work:work-runtime:2.7.0-alpha05] AndroidManifest.xml:45:13-37
264        <service
264-->[androidx.work:work-runtime:2.7.0-alpha05] AndroidManifest.xml:47:9-53:35
265            android:name="androidx.work.impl.background.systemjob.SystemJobService"
265-->[androidx.work:work-runtime:2.7.0-alpha05] AndroidManifest.xml:48:13-84
266            android:directBootAware="false"
266-->[androidx.work:work-runtime:2.7.0-alpha05] AndroidManifest.xml:49:13-44
267            android:enabled="@bool/enable_system_job_service_default"
267-->[androidx.work:work-runtime:2.7.0-alpha05] AndroidManifest.xml:50:13-70
268            android:exported="true"
268-->[androidx.work:work-runtime:2.7.0-alpha05] AndroidManifest.xml:51:13-36
269            android:permission="android.permission.BIND_JOB_SERVICE" />
269-->[androidx.work:work-runtime:2.7.0-alpha05] AndroidManifest.xml:52:13-69
270        <service
270-->[androidx.work:work-runtime:2.7.0-alpha05] AndroidManifest.xml:54:9-59:35
271            android:name="androidx.work.impl.foreground.SystemForegroundService"
271-->[androidx.work:work-runtime:2.7.0-alpha05] AndroidManifest.xml:55:13-81
272            android:directBootAware="false"
272-->[androidx.work:work-runtime:2.7.0-alpha05] AndroidManifest.xml:56:13-44
273            android:enabled="@bool/enable_system_foreground_service_default"
273-->[androidx.work:work-runtime:2.7.0-alpha05] AndroidManifest.xml:57:13-77
274            android:exported="false" />
274-->[androidx.work:work-runtime:2.7.0-alpha05] AndroidManifest.xml:58:13-37
275
276        <receiver
276-->[androidx.work:work-runtime:2.7.0-alpha05] AndroidManifest.xml:61:9-66:35
277            android:name="androidx.work.impl.utils.ForceStopRunnable$BroadcastReceiver"
277-->[androidx.work:work-runtime:2.7.0-alpha05] AndroidManifest.xml:62:13-88
278            android:directBootAware="false"
278-->[androidx.work:work-runtime:2.7.0-alpha05] AndroidManifest.xml:63:13-44
279            android:enabled="true"
279-->[androidx.work:work-runtime:2.7.0-alpha05] AndroidManifest.xml:64:13-35
280            android:exported="false" />
280-->[androidx.work:work-runtime:2.7.0-alpha05] AndroidManifest.xml:65:13-37
281        <receiver
281-->[androidx.work:work-runtime:2.7.0-alpha05] AndroidManifest.xml:67:9-77:20
282            android:name="androidx.work.impl.background.systemalarm.ConstraintProxy$BatteryChargingProxy"
282-->[androidx.work:work-runtime:2.7.0-alpha05] AndroidManifest.xml:68:13-106
283            android:directBootAware="false"
283-->[androidx.work:work-runtime:2.7.0-alpha05] AndroidManifest.xml:69:13-44
284            android:enabled="false"
284-->[androidx.work:work-runtime:2.7.0-alpha05] AndroidManifest.xml:70:13-36
285            android:exported="false" >
285-->[androidx.work:work-runtime:2.7.0-alpha05] AndroidManifest.xml:71:13-37
286            <intent-filter>
286-->[androidx.work:work-runtime:2.7.0-alpha05] AndroidManifest.xml:73:13-76:29
287                <action android:name="android.intent.action.ACTION_POWER_CONNECTED" />
287-->[androidx.work:work-runtime:2.7.0-alpha05] AndroidManifest.xml:74:17-87